<?xml version="1.0" encoding="UTF-8"?>
<testsuite name="FuncionesTest" tests="6" skipped="0" failures="0" errors="0" timestamp="2021-11-16T16:49:11" hostname="DESKTOP-RMNS96T" time="0.018">
  <properties/>
  <testcase name="numeroEsCapicuaTest()" classname="FuncionesTest" time="0.013"/>
  <testcase name="esPrimoTest()" classname="FuncionesTest" time="0.0"/>
  <testcase name="noEsPrimoTest()" classname="FuncionesTest" time="0.001"/>
  <testcase name="factorialTest()" classname="FuncionesTest" time="0.001"/>
  <testcase name="noEsPrimoNumNegativoTest()" classname="FuncionesTest" time="0.0"/>
  <testcase name="numeroNoEsCapicuaTest()" classname="FuncionesTest" time="0.001"/>
  <system-out><![CDATA[]]></system-out>
  <system-err><![CDATA[]]></system-err>
</testsuite>
